<?xml version="1.0" encoding="UTF-8"?>
<testng-results skipped="0" failed="0" total="1" passed="1">
  <reporter-output>
  </reporter-output>
  <suite name="Default suite" duration-ms="11441" started-at="2020-01-02T10:36:47Z" finished-at="2020-01-02T10:36:59Z">
    <groups>
    </groups>
    <test name="Default test" duration-ms="11441" started-at="2020-01-02T10:36:47Z" finished-at="2020-01-02T10:36:59Z">
      <class name="com.datadriven.test.WebTableHandle">
        <test-method status="PASS" signature="beforeTest()[pri:0, instance:com.datadriven.test.WebTableHandle@546a03af]" name="beforeTest" is-config="true" duration-ms="8022" started-at="2020-01-02T16:06:47Z" finished-at="2020-01-02T16:06:55Z">
          <reporter-output>
          </reporter-output>
        </test-method> <!-- beforeTest -->
        <test-method status="PASS" signature="main()[pri:0, instance:com.datadriven.test.WebTableHandle@546a03af]" name="main" duration-ms="3401" started-at="2020-01-02T16:06:56Z" finished-at="2020-01-02T16:06:59Z">
          <reporter-output>
          </reporter-output>
        </test-method> <!-- main -->
      </class> <!-- com.datadriven.test.WebTableHandle -->
    </test> <!-- Default test -->
  </suite> <!-- Default suite -->
</testng-results>
